{"name": "test_search_HP_laptop", "status": "broken", "statusDetails": {"message": "selenium.common.exceptions.InvalidSelectorException: Message: invalid selector: Unable to locate an element with the xpath expression //button[contains(@class,'btn-default'] because of the following error:\nSyntaxError: Failed to execute 'evaluate' on 'Document': The string '//button[contains(@class,'btn-default']' is not a valid XPath expression.\n  (Session info: chrome=143.0.7499.42); For documentation on this error, please visit: https://www.selenium.dev/documentation/webdriver/troubleshooting/errors#invalidselectorexception\nStacktrace:\nSymbols not available. Dumping unresolved backtrace:\n\t0x7ff78aca8245\n\t0x7ff78aca82a0\n\t0x7ff78aa8165d\n\t0x7ff78aa892cc\n\t0x7ff78aa8c3b4\n\t0x7ff78aa8c47f\n\t0x7ff78aad92e5\n\t0x7ff78aad9d3c\n\t0x7ff78ab2df67\n\t0x7ff78ab2ac97\n\t0x7ff78aacac29\n\t0x7ff78aacba93\n\t0x7ff78afbffe0\n\t0x7ff78afba920\n\t0x7ff78afd9086\n\t0x7ff78acc5744\n\t0x7ff78acce6ec\n\t0x7ff78acb1964\n\t0x7ff78acb1b15\n\t0x7ff78ac97842\n\t0x7ff8e4d2e8d7\n\t0x7ff8e634c53c", "trace": "self = <test_Day8_13th_Dec.TestSearch object at 0x04C422F0>\n\n    def test_search_HP_laptop(self):\n        self.driver.find_element(By.NAME, \"search\").send_keys(\"HP\")\n>       self.driver.find_element(By.XPATH, \"//button[contains(@class,'btn-default']\").click()\n        ^^^^^^^^^^^^^^^^^^^^^^^^^^^^^^^^^^^^^^^^^^^^^^^^^^^^^^^^^^^^^^^^^^^^^^^^^^^^^\n\ntest_Day8_13th_Dec.py:13: \n_ _ _ _ _ _ _ _ _ _ _ _ _ _ _ _ _ _ _ _ _ _ _ _ _ _ _ _ _ _ _ _ _ _ _ _ _ _ _ _ _ _ _ _ _ _ _ _ _ _ _ _ _ _ _ _ _ _ _ _ _ _ _ _ _ _ _ _ _ _ _ \nvenv\\Lib\\site-packages\\selenium\\webdriver\\remote\\webdriver.py:802: in find_element\n    return self.execute(Command.FIND_ELEMENT, {\"using\": by, \"value\": value})[\"value\"]\n           ^^^^^^^^^^^^^^^^^^^^^^^^^^^^^^^^^^^^^^^^^^^^^^^^^^^^^^^^^^^^^^^^^\nvenv\\Lib\\site-packages\\selenium\\webdriver\\remote\\webdriver.py:432: in execute\n    self.error_handler.check_response(response)\n_ _ _ _ _ _ _ _ _ _ _ _ _ _ _ _ _ _ _ _ _ _ _ _ _ _ _ _ _ _ _ _ _ _ _ _ _ _ _ _ _ _ _ _ _ _ _ _ _ _ _ _ _ _ _ _ _ _ _ _ _ _ _ _ _ _ _ _ _ _ _ \n\nself = <selenium.webdriver.remote.errorhandler.ErrorHandler object at 0x04C731A0>\nresponse = {'status': 400, 'value': '{\"value\":{\"error\":\"invalid selector\",\"message\":\"invalid selector: Unable to locate an elemen...ff78acce6ec\\\\n\\\\t0x7ff78acb1964\\\\n\\\\t0x7ff78acb1b15\\\\n\\\\t0x7ff78ac97842\\\\n\\\\t0x7ff8e4d2e8d7\\\\n\\\\t0x7ff8e634c53c\\\\n\"}}'}\n\n    def check_response(self, response: dict[str, Any]) -> None:\n        \"\"\"Check that a JSON response from the WebDriver does not have an error.\n    \n        Args:\n            response: The JSON response from the WebDriver server as a dictionary\n                object.\n    \n        Raises:\n            WebDriverException: If the response contains an error message.\n        \"\"\"\n        status = response.get(\"status\", None)\n        if not status or status == ErrorCode.SUCCESS:\n            return\n        value = None\n        message = response.get(\"message\", \"\")\n        screen: str = response.get(\"screen\", \"\")\n        stacktrace = None\n        if isinstance(status, int):\n            value_json = response.get(\"value\", None)\n            if value_json and isinstance(value_json, str):\n                try:\n                    value = json.loads(value_json)\n                    if isinstance(value, dict):\n                        if len(value) == 1:\n                            value = value[\"value\"]\n                        status = value.get(\"error\", None)\n                        if not status:\n                            status = value.get(\"status\", ErrorCode.UNKNOWN_ERROR)\n                            message = value.get(\"value\") or value.get(\"message\")\n                            if not isinstance(message, str):\n                                value = message\n                                message = message.get(\"message\") if isinstance(message, dict) else None\n                        else:\n                            message = value.get(\"message\", None)\n                except ValueError:\n                    pass\n    \n        exception_class: type[WebDriverException]\n        e = ErrorCode()\n        error_codes = [item for item in dir(e) if not item.startswith(\"__\")]\n        for error_code in error_codes:\n            error_info = getattr(ErrorCode, error_code)\n            if isinstance(error_info, list) and status in error_info:\n                exception_class = getattr(ExceptionMapping, error_code, WebDriverException)\n                break\n        else:\n            exception_class = WebDriverException\n    \n        if not value:\n            value = response[\"value\"]\n        if isinstance(value, str):\n            raise exception_class(value)\n        if message == \"\" and \"message\" in value:\n            message = value[\"message\"]\n    \n        screen = None  # type: ignore[assignment]\n        if \"screen\" in value:\n            screen = value[\"screen\"]\n    \n        stacktrace = None\n        st_value = value.get(\"stackTrace\") or value.get(\"stacktrace\")\n        if st_value:\n            if isinstance(st_value, str):\n                stacktrace = st_value.split(\"\\n\")\n            else:\n                stacktrace = []\n                try:\n                    for frame in st_value:\n                        line = frame.get(\"lineNumber\", \"\")\n                        file = frame.get(\"fileName\", \"<anonymous>\")\n                        if line:\n                            file = f\"{file}:{line}\"\n                        meth = frame.get(\"methodName\", \"<anonymous>\")\n                        if \"className\" in frame:\n                            meth = f\"{frame['className']}.{meth}\"\n                        msg = \"    at %s (%s)\"\n                        msg = msg % (meth, file)\n                        stacktrace.append(msg)\n                except TypeError:\n                    pass\n        if exception_class == UnexpectedAlertPresentException:\n            alert_text = None\n            if \"data\" in value:\n                alert_text = value[\"data\"].get(\"text\")\n            elif \"alert\" in value:\n                alert_text = value[\"alert\"].get(\"text\")\n            raise exception_class(message, screen, stacktrace, alert_text)  # type: ignore[call-arg]  # mypy is not smart enough here\n>       raise exception_class(message, screen, stacktrace)\nE       selenium.common.exceptions.InvalidSelectorException: Message: invalid selector: Unable to locate an element with the xpath expression //button[contains(@class,'btn-default'] because of the following error:\nE       SyntaxError: Failed to execute 'evaluate' on 'Document': The string '//button[contains(@class,'btn-default']' is not a valid XPath expression.\nE         (Session info: chrome=143.0.7499.42); For documentation on this error, please visit: https://www.selenium.dev/documentation/webdriver/troubleshooting/errors#invalidselectorexception\nE       Stacktrace:\nE       Symbols not available. Dumping unresolved backtrace:\nE       \t0x7ff78aca8245\nE       \t0x7ff78aca82a0\nE       \t0x7ff78aa8165d\nE       \t0x7ff78aa892cc\nE       \t0x7ff78aa8c3b4\nE       \t0x7ff78aa8c47f\nE       \t0x7ff78aad92e5\nE       \t0x7ff78aad9d3c\nE       \t0x7ff78ab2df67\nE       \t0x7ff78ab2ac97\nE       \t0x7ff78aacac29\nE       \t0x7ff78aacba93\nE       \t0x7ff78afbffe0\nE       \t0x7ff78afba920\nE       \t0x7ff78afd9086\nE       \t0x7ff78acc5744\nE       \t0x7ff78acce6ec\nE       \t0x7ff78acb1964\nE       \t0x7ff78acb1b15\nE       \t0x7ff78ac97842\nE       \t0x7ff8e4d2e8d7\nE       \t0x7ff8e634c53c\n\nvenv\\Lib\\site-packages\\selenium\\webdriver\\remote\\errorhandler.py:232: InvalidSelectorException"}, "start": 1765616356731, "stop": 1765616356813, "uuid": "7751eafc-8057-4024-a41d-4d8c462a73fd", "historyId": "60bdbcf35c3ba0925305c1e929ff37ec", "testCaseId": "60bdbcf35c3ba0925305c1e929ff37ec", "fullName": "test_Day8_13th_Dec.TestSearch#test_search_HP_laptop", "labels": [{"name": "suite", "value": "test_Day8_13th_Dec"}, {"name": "subSuite", "value": "TestSearch"}, {"name": "host", "value": "Kalyani"}, {"name": "thread", "value": "26600-MainThread"}, {"name": "framework", "value": "pytest"}, {"name": "language", "value": "cpython3"}, {"name": "package", "value": "test_Day8_13th_Dec"}], "titlePath": ["test_Day8_13th_Dec.py", "TestSearch"]}